<?xml version="1.0" encoding="UTF-8"?>
<!-- Generated by org.testng.reporters.JUnitReportReporter -->
<testsuite skipped="0" hostname="Sf-PC" name="mindq.maven1.App" tests="1" failures="0" timestamp="2019-09-10T10:09:47 IST" time="10.219" errors="0">
  <testcase name="test1" time="10.219" classname="mindq.maven1.App"/>
</testsuite> <!-- mindq.maven1.App -->
